<?xml version="1.0" encoding="UTF-8"?>
<testsuite name="test.java.CourseTest" tests="4" skipped="0" failures="0" errors="0" timestamp="2019-04-09T01:25:53" hostname="Aarons-iMac.local" time="0.013">
  <properties/>
  <testcase name="testTwoStudents" classname="test.java.CourseTest" time="0.011"/>
  <testcase name="testFourStudents" classname="test.java.CourseTest" time="0.001"/>
  <testcase name="testThreeStudents" classname="test.java.CourseTest" time="0.001"/>
  <testcase name="testOneStudent" classname="test.java.CourseTest" time="0.0"/>
  <system-out><![CDATA[60
40
99
41
61
12
-30
40
50
50
]]></system-out>
  <system-err><![CDATA[]]></system-err>
</testsuite>
